<?xml version="1.0" encoding="UTF-8"?>
<testsuites name="Mocha Tests" time="12.4780" tests="16" failures="3">
  <testsuite name="Root Suite" timestamp="2020-11-10T10:55:55" tests="0" time="0.0000" failures="0">
  </testsuite>
  <testsuite name="Posts" timestamp="2020-11-10T10:55:55" tests="0" file="/Users/kendo/Documents/dev_tools/js-api-testing/test/post.js" time="0.0000" failures="0">
  </testsuite>
  <testsuite name="POST" timestamp="2020-11-10T10:55:56" tests="2" file="/Users/kendo/Documents/dev_tools/js-api-testing/test/post.js" time="1.5750" failures="0">
    <testcase name="Posts POST /posts" time="0.7890" classname="/posts">
    </testcase>
    <testcase name="Posts POST posts/:id" time="0.7860" classname="posts/:id">
    </testcase>
  </testsuite>
  <testsuite name="Negative Tests" timestamp="2020-11-10T10:55:57" tests="2" file="/Users/kendo/Documents/dev_tools/js-api-testing/test/post.js" time="1.5590" failures="0">
    <testcase name="Posts Negative Tests 422 Data validation failed" time="0.7850" classname="422 Data validation failed">
    </testcase>
    <testcase name="Posts Negative Tests 401 Authentication failed" time="0.7740" classname="401 Authentication failed">
    </testcase>
  </testsuite>
  <testsuite name="Users" timestamp="2020-11-10T10:55:59" tests="0" file="/Users/kendo/Documents/dev_tools/js-api-testing/test/users-advanced.js" time="0.0000" failures="0">
  </testsuite>
  <testsuite name="POST" timestamp="2020-11-10T10:55:59" tests="1" file="/Users/kendo/Documents/dev_tools/js-api-testing/test/users-advanced.js" time="0.7750" failures="0">
    <testcase name="Users POST /users" time="0.7750" classname="/users">
    </testcase>
  </testsuite>
  <testsuite name="GET" timestamp="2020-11-10T10:55:59" tests="3" file="/Users/kendo/Documents/dev_tools/js-api-testing/test/users-advanced.js" time="2.3420" failures="0">
    <testcase name="Users GET /users" time="0.7920" classname="/users">
    </testcase>
    <testcase name="Users GET /users/:id" time="0.7680" classname="/users/:id">
    </testcase>
    <testcase name="Users GET /users with query params" time="0.7820" classname="/users with query params">
    </testcase>
  </testsuite>
  <testsuite name="PUT" timestamp="2020-11-10T10:56:02" tests="1" file="/Users/kendo/Documents/dev_tools/js-api-testing/test/users-advanced.js" time="0.7780" failures="0">
    <testcase name="Users PUT /users/:id" time="0.7780" classname="/users/:id">
    </testcase>
  </testsuite>
  <testsuite name="DELETE" timestamp="2020-11-10T10:56:03" tests="1" file="/Users/kendo/Documents/dev_tools/js-api-testing/test/users-advanced.js" time="0.7830" failures="0">
    <testcase name="Users DELETE /users/:id" time="0.7830" classname="/users/:id">
    </testcase>
  </testsuite>
  <testsuite name="Users" timestamp="2020-11-10T10:56:03" tests="6" file="/Users/kendo/Documents/dev_tools/js-api-testing/test/users.js" time="4.6660" failures="3">
    <testcase name="Users GET /users" time="0.7690" classname="GET /users">
    </testcase>
    <testcase name="Users GET /users/:id" time="0.7800" classname="GET /users/:id">
      <failure message="expected undefined to equal 1" type="AssertionError"><![CDATA[AssertionError: expected undefined to equal 1
    at /Users/kendo/Documents/dev_tools/js-api-testing/test/users.js:21:40
    at processTicksAndRejections (internal/process/task_queues.js:97:5)]]></failure>
    </testcase>
    <testcase name="Users GET /users with query params" time="0.7810" classname="GET /users with query params">
    </testcase>
    <testcase name="Users POST /users" time="0.7820" classname="POST /users">
    </testcase>
    <testcase name="Users PUT /users/:id" time="0.7900" classname="PUT /users/:id">
      <failure message="expected { message: &apos;Resource not found&apos; } to have deep property &apos;status&apos;" type="AssertionError"><![CDATA[AssertionError: expected { message: 'Resource not found' } to have deep property 'status'
    at /Users/kendo/Documents/dev_tools/js-api-testing/test/users.js:66:41
    at processTicksAndRejections (internal/process/task_queues.js:97:5)]]></failure>
    </testcase>
    <testcase name="Users DELETE /users/:id" time="0.7640" classname="DELETE /users/:id">
      <failure message="expected { message: &apos;Resource not found&apos; } to equal null" type="AssertionError"><![CDATA[AssertionError: expected { message: 'Resource not found' } to equal null
    at /Users/kendo/Documents/dev_tools/js-api-testing/test/users.js:76:39
    at processTicksAndRejections (internal/process/task_queues.js:97:5)]]></failure>
    </testcase>
  </testsuite>
</testsuites>