{
  "stats": {
    "suites": 9,
    "tests": 16,
    "passes": 15,
    "pending": 0,
    "failures": 1,
    "start": "2020-11-10T10:04:06.931Z",
    "end": "2020-11-10T10:04:20.240Z",
    "duration": 13309,
    "testsRegistered": 16,
    "passPercent": 93.75,
    "pendingPercent": 0,
    "other": 0,
    "hasOther": false,
    "skipped": 0,
    "hasSkipped": false
  },
  "results": [
    {
      "uuid": "e5e89d7b-bd53-485d-a8fe-dc1951789e05",
      "title": "",
      "fullFile": "",
      "file": "",
      "beforeHooks": [],
      "afterHooks": [],
      "tests": [],
      "suites": [
        {
          "uuid": "97e10a8a-1e9a-4d16-83ab-f16403034546",
          "title": "Posts",
          "fullFile": "/Users/kendo/Documents/dev_tools/js-api-testing/test/post.js",
          "file": "/test/post.js",
          "beforeHooks": [
            {
              "title": "\"before all\" hook in \"Posts\"",
              "fullTitle": "Posts \"before all\" hook in \"Posts\"",
              "timedOut": false,
              "duration": 841,
              "state": null,
              "speed": null,
              "pass": false,
              "fail": false,
              "pending": false,
              "context": null,
              "code": "var self = this,\n    args = arguments;\nreturn new Promise(function (resolve, reject) {\n  var gen = fn.apply(self, args);\n  function _next(value) {\n    asyncGeneratorStep(gen, resolve, reject, _next, _throw, \"next\", value);\n  }\n  function _throw(err) {\n    asyncGeneratorStep(gen, resolve, reject, _next, _throw, \"throw\", err);\n  }\n  _next(undefined);\n});",
              "err": {},
              "uuid": "36ebd93f-6c74-4586-a39a-b1970dc8aaa0",
              "parentUUID": "97e10a8a-1e9a-4d16-83ab-f16403034546",
              "isHook": true,
              "skipped": false
            }
          ],
          "afterHooks": [
            {
              "title": "\"after all\" hook in \"Posts\"",
              "fullTitle": "Posts \"after all\" hook in \"Posts\"",
              "timedOut": false,
              "duration": 0,
              "state": null,
              "speed": null,
              "pass": false,
              "fail": false,
              "pending": false,
              "context": null,
              "code": "// clean up\n    // delete a user",
              "err": {},
              "uuid": "9c2ad910-3012-4ae4-b44e-f69d4ec3b4dc",
              "parentUUID": "97e10a8a-1e9a-4d16-83ab-f16403034546",
              "isHook": true,
              "skipped": false
            }
          ],
          "tests": [],
          "suites": [
            {
              "uuid": "915c9b37-5923-4fd3-aa30-8837109707d1",
              "title": "POST",
              "fullFile": "/Users/kendo/Documents/dev_tools/js-api-testing/test/post.js",
              "file": "/test/post.js",
              "beforeHooks": [],
              "afterHooks": [],
              "tests": [
                {
                  "title": "/posts",
                  "fullTitle": "Posts POST /posts",
                  "timedOut": false,
                  "duration": 797,
                  "state": "passed",
                  "speed": "slow",
                  "pass": true,
                  "fail": false,
                  "pending": false,
                  "context": null,
                  "code": "var self = this,\n    args = arguments;\nreturn new Promise(function (resolve, reject) {\n  var gen = fn.apply(self, args);\n  function _next(value) {\n    asyncGeneratorStep(gen, resolve, reject, _next, _throw, \"next\", value);\n  }\n  function _throw(err) {\n    asyncGeneratorStep(gen, resolve, reject, _next, _throw, \"throw\", err);\n  }\n  _next(undefined);\n});",
                  "err": {},
                  "uuid": "5484217a-6fe4-4f0a-b9d1-2c088af1c6bf",
                  "parentUUID": "915c9b37-5923-4fd3-aa30-8837109707d1",
                  "isHook": false,
                  "skipped": false
                },
                {
                  "title": "posts/:id",
                  "fullTitle": "Posts POST posts/:id",
                  "timedOut": false,
                  "duration": 773,
                  "state": "passed",
                  "speed": "slow",
                  "pass": true,
                  "fail": false,
                  "pending": false,
                  "context": null,
                  "code": "var self = this,\n    args = arguments;\nreturn new Promise(function (resolve, reject) {\n  var gen = fn.apply(self, args);\n  function _next(value) {\n    asyncGeneratorStep(gen, resolve, reject, _next, _throw, \"next\", value);\n  }\n  function _throw(err) {\n    asyncGeneratorStep(gen, resolve, reject, _next, _throw, \"throw\", err);\n  }\n  _next(undefined);\n});",
                  "err": {},
                  "uuid": "d03dbf31-c7f7-48c7-8949-9a69757089e9",
                  "parentUUID": "915c9b37-5923-4fd3-aa30-8837109707d1",
                  "isHook": false,
                  "skipped": false
                }
              ],
              "suites": [],
              "passes": [
                "5484217a-6fe4-4f0a-b9d1-2c088af1c6bf",
                "d03dbf31-c7f7-48c7-8949-9a69757089e9"
              ],
              "failures": [],
              "pending": [],
              "skipped": [],
              "duration": 1570,
              "root": false,
              "rootEmpty": false,
              "_timeout": 5000
            },
            {
              "uuid": "b039a23d-5e2a-4320-8b57-ef1390f76f0d",
              "title": "Negative Tests",
              "fullFile": "/Users/kendo/Documents/dev_tools/js-api-testing/test/post.js",
              "file": "/test/post.js",
              "beforeHooks": [],
              "afterHooks": [],
              "tests": [
                {
                  "title": "422 Data validation failed",
                  "fullTitle": "Posts Negative Tests 422 Data validation failed",
                  "timedOut": false,
                  "duration": 778,
                  "state": "passed",
                  "speed": "slow",
                  "pass": true,
                  "fail": false,
                  "pending": false,
                  "context": null,
                  "code": "var self = this,\n    args = arguments;\nreturn new Promise(function (resolve, reject) {\n  var gen = fn.apply(self, args);\n  function _next(value) {\n    asyncGeneratorStep(gen, resolve, reject, _next, _throw, \"next\", value);\n  }\n  function _throw(err) {\n    asyncGeneratorStep(gen, resolve, reject, _next, _throw, \"throw\", err);\n  }\n  _next(undefined);\n});",
                  "err": {},
                  "uuid": "a04b0f93-288c-4783-86d5-c10bb3f42eca",
                  "parentUUID": "b039a23d-5e2a-4320-8b57-ef1390f76f0d",
                  "isHook": false,
                  "skipped": false
                },
                {
                  "title": "401 Authentication failed",
                  "fullTitle": "Posts Negative Tests 401 Authentication failed",
                  "timedOut": false,
                  "duration": 779,
                  "state": "passed",
                  "speed": "slow",
                  "pass": true,
                  "fail": false,
                  "pending": false,
                  "context": null,
                  "code": "var self = this,\n    args = arguments;\nreturn new Promise(function (resolve, reject) {\n  var gen = fn.apply(self, args);\n  function _next(value) {\n    asyncGeneratorStep(gen, resolve, reject, _next, _throw, \"next\", value);\n  }\n  function _throw(err) {\n    asyncGeneratorStep(gen, resolve, reject, _next, _throw, \"throw\", err);\n  }\n  _next(undefined);\n});",
                  "err": {},
                  "uuid": "f70695e1-c851-4921-8e2f-f32dd33cc765",
                  "parentUUID": "b039a23d-5e2a-4320-8b57-ef1390f76f0d",
                  "isHook": false,
                  "skipped": false
                }
              ],
              "suites": [],
              "passes": [
                "a04b0f93-288c-4783-86d5-c10bb3f42eca",
                "f70695e1-c851-4921-8e2f-f32dd33cc765"
              ],
              "failures": [],
              "pending": [],
              "skipped": [],
              "duration": 1557,
              "root": false,
              "rootEmpty": false,
              "_timeout": 5000
            }
          ],
          "passes": [],
          "failures": [],
          "pending": [],
          "skipped": [],
          "duration": 0,
          "root": false,
          "rootEmpty": false,
          "_timeout": 5000
        },
        {
          "uuid": "8170b7d1-653c-4baa-985b-ccc89f636ef6",
          "title": "Users",
          "fullFile": "/Users/kendo/Documents/dev_tools/js-api-testing/test/users-advanced.js",
          "file": "/test/users-advanced.js",
          "beforeHooks": [],
          "afterHooks": [],
          "tests": [],
          "suites": [
            {
              "uuid": "fad25da8-2a16-434e-a481-94e6500ac6f1",
              "title": "POST",
              "fullFile": "/Users/kendo/Documents/dev_tools/js-api-testing/test/users-advanced.js",
              "file": "/test/users-advanced.js",
              "beforeHooks": [],
              "afterHooks": [],
              "tests": [
                {
                  "title": "/users",
                  "fullTitle": "Users POST /users",
                  "timedOut": false,
                  "duration": 785,
                  "state": "passed",
                  "speed": "slow",
                  "pass": true,
                  "fail": false,
                  "pending": false,
                  "context": null,
                  "code": "var data = {\n  email: \"test-\".concat(Math.floor(Math.random() * 9999), \"@mail.ca\"),\n  name: 'Test name',\n  gender: 'Male',\n  status: 'Inactive'\n};\nreturn request.post('users').set('Authorization', \"Bearer \".concat(TOKEN)).send(data).then(function (res) {\n  (0, _chai.expect)(res.body.data).to.deep.include(data);\n  userId = res.body.data.id;\n});",
                  "err": {},
                  "uuid": "a4c44143-b768-4172-b3ff-6420404a945f",
                  "parentUUID": "fad25da8-2a16-434e-a481-94e6500ac6f1",
                  "isHook": false,
                  "skipped": false
                }
              ],
              "suites": [],
              "passes": [
                "a4c44143-b768-4172-b3ff-6420404a945f"
              ],
              "failures": [],
              "pending": [],
              "skipped": [],
              "duration": 785,
              "root": false,
              "rootEmpty": false,
              "_timeout": 5000
            },
            {
              "uuid": "efb38eeb-31d7-4f79-9aca-7fc42a1aa08d",
              "title": "GET",
              "fullFile": "/Users/kendo/Documents/dev_tools/js-api-testing/test/users-advanced.js",
              "file": "/test/users-advanced.js",
              "beforeHooks": [],
              "afterHooks": [],
              "tests": [
                {
                  "title": "/users",
                  "fullTitle": "Users GET /users",
                  "timedOut": false,
                  "duration": 769,
                  "state": "passed",
                  "speed": "slow",
                  "pass": true,
                  "fail": false,
                  "pending": false,
                  "context": null,
                  "code": "return request.get(\"users?access-token=\".concat(TOKEN)).then(function (res) {\n  (0, _chai.expect)(res.body.data).to.not.be.empty;\n});",
                  "err": {},
                  "uuid": "adfff228-79c8-41ed-b295-0e3b847cd15a",
                  "parentUUID": "efb38eeb-31d7-4f79-9aca-7fc42a1aa08d",
                  "isHook": false,
                  "skipped": false
                },
                {
                  "title": "/users/:id",
                  "fullTitle": "Users GET /users/:id",
                  "timedOut": false,
                  "duration": 766,
                  "state": "passed",
                  "speed": "slow",
                  "pass": true,
                  "fail": false,
                  "pending": false,
                  "context": null,
                  "code": "return request.get(\"users/\".concat(userId, \"?access-token=\").concat(TOKEN)).then(function (res) {\n  (0, _chai.expect)(res.body.data.id).to.be.eq(userId);\n});",
                  "err": {},
                  "uuid": "d1fe6ceb-04cb-4ead-bc3e-f1c42bf465dc",
                  "parentUUID": "efb38eeb-31d7-4f79-9aca-7fc42a1aa08d",
                  "isHook": false,
                  "skipped": false
                },
                {
                  "title": "/users with query params",
                  "fullTitle": "Users GET /users with query params",
                  "timedOut": false,
                  "duration": 769,
                  "state": "passed",
                  "speed": "slow",
                  "pass": true,
                  "fail": false,
                  "pending": false,
                  "context": null,
                  "code": "var url = \"users?access-token=\".concat(TOKEN, \"&page=5&gender=Female&status=Active\");\nreturn request.get(url).then(function (res) {\n  (0, _chai.expect)(res.body.data).to.not.be.empty;\n  res.body.data.forEach(function (data) {\n    (0, _chai.expect)(data.gender).to.eq('Female');\n    (0, _chai.expect)(data.status).to.eq('Active');\n  });\n});",
                  "err": {},
                  "uuid": "b8aa4f27-40e5-47ef-8ea9-24426856a6d0",
                  "parentUUID": "efb38eeb-31d7-4f79-9aca-7fc42a1aa08d",
                  "isHook": false,
                  "skipped": false
                }
              ],
              "suites": [],
              "passes": [
                "adfff228-79c8-41ed-b295-0e3b847cd15a",
                "d1fe6ceb-04cb-4ead-bc3e-f1c42bf465dc",
                "b8aa4f27-40e5-47ef-8ea9-24426856a6d0"
              ],
              "failures": [],
              "pending": [],
              "skipped": [],
              "duration": 2304,
              "root": false,
              "rootEmpty": false,
              "_timeout": 5000
            },
            {
              "uuid": "b64b17c2-2573-4840-afaa-933585194877",
              "title": "PUT",
              "fullFile": "/Users/kendo/Documents/dev_tools/js-api-testing/test/users-advanced.js",
              "file": "/test/users-advanced.js",
              "beforeHooks": [],
              "afterHooks": [],
              "tests": [
                {
                  "title": "/users/:id",
                  "fullTitle": "Users PUT /users/:id",
                  "timedOut": false,
                  "duration": 777,
                  "state": "passed",
                  "speed": "slow",
                  "pass": true,
                  "fail": false,
                  "pending": false,
                  "context": null,
                  "code": "var data = {\n  status: 'Active',\n  name: \"Luffy - \".concat(Math.floor(Math.random() * 9999))\n};\nreturn request.put(\"users/\".concat(userId)).set('Authorization', \"Bearer \".concat(TOKEN)).send(data).then(function (res) {\n  (0, _chai.expect)(res.body.data).to.deep.include(data);\n});",
                  "err": {},
                  "uuid": "19b77c5b-e99f-464b-a6db-1d204d3b2a93",
                  "parentUUID": "b64b17c2-2573-4840-afaa-933585194877",
                  "isHook": false,
                  "skipped": false
                }
              ],
              "suites": [],
              "passes": [
                "19b77c5b-e99f-464b-a6db-1d204d3b2a93"
              ],
              "failures": [],
              "pending": [],
              "skipped": [],
              "duration": 777,
              "root": false,
              "rootEmpty": false,
              "_timeout": 5000
            },
            {
              "uuid": "d2598561-fdce-4747-9faa-f043b2896f5e",
              "title": "DELETE",
              "fullFile": "/Users/kendo/Documents/dev_tools/js-api-testing/test/users-advanced.js",
              "file": "/test/users-advanced.js",
              "beforeHooks": [],
              "afterHooks": [],
              "tests": [
                {
                  "title": "/users/:id",
                  "fullTitle": "Users DELETE /users/:id",
                  "timedOut": false,
                  "duration": 777,
                  "state": "passed",
                  "speed": "slow",
                  "pass": true,
                  "fail": false,
                  "pending": false,
                  "context": null,
                  "code": "return request[\"delete\"](\"users/\".concat(userId)).set('Authorization', \"Bearer \".concat(TOKEN)).then(function (res) {\n  (0, _chai.expect)(res.body.data).to.be.eq(null);\n});",
                  "err": {},
                  "uuid": "e1974e53-4dd9-4b68-afad-c5b31e775c19",
                  "parentUUID": "d2598561-fdce-4747-9faa-f043b2896f5e",
                  "isHook": false,
                  "skipped": false
                }
              ],
              "suites": [],
              "passes": [
                "e1974e53-4dd9-4b68-afad-c5b31e775c19"
              ],
              "failures": [],
              "pending": [],
              "skipped": [],
              "duration": 777,
              "root": false,
              "rootEmpty": false,
              "_timeout": 5000
            }
          ],
          "passes": [],
          "failures": [],
          "pending": [],
          "skipped": [],
          "duration": 0,
          "root": false,
          "rootEmpty": false,
          "_timeout": 5000
        },
        {
          "uuid": "34401285-0890-4d00-8c55-6caf541e7e94",
          "title": "Users",
          "fullFile": "/Users/kendo/Documents/dev_tools/js-api-testing/test/users.js",
          "file": "/test/users.js",
          "beforeHooks": [],
          "afterHooks": [],
          "tests": [
            {
              "title": "GET /users",
              "fullTitle": "Users GET /users",
              "timedOut": false,
              "duration": 777,
              "state": "passed",
              "speed": "slow",
              "pass": true,
              "fail": false,
              "pending": false,
              "context": null,
              "code": "// request.get(`users?access-token=${TOKEN}`).end((err, res) => {\n//   expect(res.body.data).to.not.be.empty;\n//   done();\n// });\nreturn _supertest[\"default\"].get(\"users?access-token=\".concat(TOKEN)).then(function (res) {\n  (0, _chai.expect)(res.body.data).to.not.be.empty;\n});",
              "err": {},
              "uuid": "7976d93a-92e4-44d3-a649-03652977c7f9",
              "parentUUID": "34401285-0890-4d00-8c55-6caf541e7e94",
              "isHook": false,
              "skipped": false
            },
            {
              "title": "GET /users/:id",
              "fullTitle": "Users GET /users/:id",
              "timedOut": false,
              "duration": 780,
              "state": "failed",
              "speed": null,
              "pass": false,
              "fail": true,
              "pending": false,
              "context": null,
              "code": "return _supertest[\"default\"].get(\"users/1?access-token=\".concat(TOKEN)).then(function (res) {\n  (0, _chai.expect)(res.body.data.id).to.be.eq(1);\n});",
              "err": {
                "message": "AssertionError: expected undefined to equal 1",
                "estack": "AssertionError: expected undefined to equal 1\n    at /Users/kendo/Documents/dev_tools/js-api-testing/test/users.js:21:40\n    at processTicksAndRejections (internal/process/task_queues.js:97:5)",
                "diff": null
              },
              "uuid": "c8452604-1db0-467d-8b67-8e54880f7b99",
              "parentUUID": "34401285-0890-4d00-8c55-6caf541e7e94",
              "isHook": false,
              "skipped": false
            },
            {
              "title": "GET /users with query params",
              "fullTitle": "Users GET /users with query params",
              "timedOut": false,
              "duration": 780,
              "state": "passed",
              "speed": "slow",
              "pass": true,
              "fail": false,
              "pending": false,
              "context": null,
              "code": "var url = \"users?access-token=\".concat(TOKEN, \"&page=5&gender=Female&status=Active\");\nreturn _supertest[\"default\"].get(url).then(function (res) {\n  (0, _chai.expect)(res.body.data).to.not.be.empty;\n  res.body.data.forEach(function (data) {\n    (0, _chai.expect)(data.gender).to.eq('Female');\n    (0, _chai.expect)(data.status).to.eq('Active');\n  });\n});",
              "err": {},
              "uuid": "8f3fc664-453e-41cf-b5f7-280b01b3bd4c",
              "parentUUID": "34401285-0890-4d00-8c55-6caf541e7e94",
              "isHook": false,
              "skipped": false
            },
            {
              "title": "POST /users",
              "fullTitle": "Users POST /users",
              "timedOut": false,
              "duration": 773,
              "state": "passed",
              "speed": "slow",
              "pass": true,
              "fail": false,
              "pending": false,
              "context": null,
              "code": "var data = {\n  email: \"test-\".concat(Math.floor(Math.random() * 9999), \"@mail.ca\"),\n  name: 'Test name',\n  gender: 'Male',\n  status: 'Inactive'\n};\nreturn _supertest[\"default\"].post('users').set('Authorization', \"Bearer \".concat(TOKEN)).send(data).then(function (res) {\n  (0, _chai.expect)(res.body.data).to.deep.include(data);\n});",
              "err": {},
              "uuid": "d856cc2c-a8a7-413b-bb82-098241c47f56",
              "parentUUID": "34401285-0890-4d00-8c55-6caf541e7e94",
              "isHook": false,
              "skipped": false
            },
            {
              "title": "PUT /users/:id",
              "fullTitle": "Users PUT /users/:id",
              "timedOut": false,
              "duration": 779,
              "state": "passed",
              "speed": "slow",
              "pass": true,
              "fail": false,
              "pending": false,
              "context": null,
              "code": "var data = {\n  status: 'Active',\n  name: \"Luffy - \".concat(Math.floor(Math.random() * 9999))\n};\nreturn _supertest[\"default\"].put('users/132').set('Authorization', \"Bearer \".concat(TOKEN)).send(data).then(function (res) {\n  console.log(res.body);\n  (0, _chai.expect)(res.body.data).to.deep.include(data);\n});",
              "err": {},
              "uuid": "f86eaa78-2b83-4b95-b3b0-c4f4a6b61fcf",
              "parentUUID": "34401285-0890-4d00-8c55-6caf541e7e94",
              "isHook": false,
              "skipped": false
            },
            {
              "title": "DELETE /users/:id",
              "fullTitle": "Users DELETE /users/:id",
              "timedOut": false,
              "duration": 776,
              "state": "passed",
              "speed": "slow",
              "pass": true,
              "fail": false,
              "pending": false,
              "context": null,
              "code": "return _supertest[\"default\"][\"delete\"]('users/21').set('Authorization', \"Bearer \".concat(TOKEN)).then(function (res) {\n  console.log(res.body);\n  (0, _chai.expect)(res.body.data).to.be.eq(null);\n});",
              "err": {},
              "uuid": "1e84707e-5d2d-47db-9f40-e297eba277b8",
              "parentUUID": "34401285-0890-4d00-8c55-6caf541e7e94",
              "isHook": false,
              "skipped": false
            }
          ],
          "suites": [],
          "passes": [
            "7976d93a-92e4-44d3-a649-03652977c7f9",
            "8f3fc664-453e-41cf-b5f7-280b01b3bd4c",
            "d856cc2c-a8a7-413b-bb82-098241c47f56",
            "f86eaa78-2b83-4b95-b3b0-c4f4a6b61fcf",
            "1e84707e-5d2d-47db-9f40-e297eba277b8"
          ],
          "failures": [
            "c8452604-1db0-467d-8b67-8e54880f7b99"
          ],
          "pending": [],
          "skipped": [],
          "duration": 4665,
          "root": false,
          "rootEmpty": false,
          "_timeout": 5000
        }
      ],
      "passes": [],
      "failures": [],
      "pending": [],
      "skipped": [],
      "duration": 0,
      "root": true,
      "rootEmpty": true,
      "_timeout": 5000
    }
  ],
  "meta": {
    "mocha": {
      "version": "8.1.3"
    },
    "mochawesome": {
      "options": {
        "quiet": false,
        "reportFilename": "mochawesome",
        "saveHtml": true,
        "saveJson": true,
        "consoleReporter": "spec",
        "useInlineDiffs": false,
        "code": true
      },
      "version": "6.2.1"
    },
    "marge": {
      "options": null,
      "version": "5.1.0"
    }
  }
}